
*** Running vivado
    with args -log design_1_mult_gen_0_0.vds -m64 -product Vivado -mode batch -messageDb vivado.pb -notrace -source design_1_mult_gen_0_0.tcl


****** Vivado v2019.2 (64-bit)
  **** SW Build 2708876 on Wed Nov  6 21:40:23 MST 2019
  **** IP Build 2700528 on Thu Nov  7 00:09:20 MST 2019
    ** Copyright 1986-2019 Xilinx, Inc. All Rights Reserved.

source design_1_mult_gen_0_0.tcl -notrace
Command: synth_design -top design_1_mult_gen_0_0 -part xc7a35tcpg236-1 -mode out_of_context
Starting synth_design
Attempting to get a license for feature 'Synthesis' and/or device 'xc7a35t'
INFO: [Common 17-349] Got license for feature 'Synthesis' and/or device 'xc7a35t'
INFO: [Device 21-403] Loading part xc7a35tcpg236-1
INFO: Launching helper process for spawning children vivado processes
INFO: Helper process launched with PID 79248 
---------------------------------------------------------------------------------
Starting RTL Elaboration : Time (s): cpu = 00:00:03 ; elapsed = 00:00:03 . Memory (MB): peak = 958.027 ; gain = 234.707
---------------------------------------------------------------------------------
INFO: [Synth 8-638] synthesizing module 'design_1_mult_gen_0_0' [c:/Users/ryan1/OneDrive/Desktop/ECE350_Workspace/ECE350Labs/matrix_mult_vivado/matrix_mult_vivado.srcs/sources_1/bd/design_1/ip/design_1_mult_gen_0_0/synth/design_1_mult_gen_0_0.vhd:68]
WARNING: [Synth 8-5640] Port 'zero_detect' is missing in component declaration [c:/Users/ryan1/OneDrive/Desktop/ECE350_Workspace/ECE350Labs/matrix_mult_vivado/matrix_mult_vivado.srcs/sources_1/bd/design_1/ip/design_1_mult_gen_0_0/synth/design_1_mult_gen_0_0.vhd:71]
WARNING: [Synth 8-5640] Port 'pcasc' is missing in component declaration [c:/Users/ryan1/OneDrive/Desktop/ECE350_Workspace/ECE350Labs/matrix_mult_vivado/matrix_mult_vivado.srcs/sources_1/bd/design_1/ip/design_1_mult_gen_0_0/synth/design_1_mult_gen_0_0.vhd:71]
	Parameter C_VERBOSITY bound to: 0 - type: integer 
	Parameter C_MODEL_TYPE bound to: 0 - type: integer 
	Parameter C_OPTIMIZE_GOAL bound to: 1 - type: integer 
	Parameter C_XDEVICEFAMILY bound to: artix7 - type: string 
	Parameter C_HAS_CE bound to: 0 - type: integer 
	Parameter C_HAS_SCLR bound to: 0 - type: integer 
	Parameter C_LATENCY bound to: 5 - type: integer 
	Parameter C_A_WIDTH bound to: 32 - type: integer 
	Parameter C_A_TYPE bound to: 0 - type: integer 
	Parameter C_B_WIDTH bound to: 32 - type: integer 
	Parameter C_B_TYPE bound to: 0 - type: integer 
	Parameter C_OUT_HIGH bound to: 63 - type: integer 
	Parameter C_OUT_LOW bound to: 0 - type: integer 
	Parameter C_MULT_TYPE bound to: 0 - type: integer 
	Parameter C_CE_OVERRIDES_SCLR bound to: 0 - type: integer 
	Parameter C_CCM_IMP bound to: 0 - type: integer 
	Parameter C_B_VALUE bound to: 10000001 - type: string 
	Parameter C_HAS_ZERO_DETECT bound to: 0 - type: integer 
	Parameter C_ROUND_OUTPUT bound to: 0 - type: integer 
	Parameter C_ROUND_PT bound to: 0 - type: integer 
INFO: [Synth 8-3491] module 'mult_gen_v12_0_16' declared at 'c:/Users/ryan1/OneDrive/Desktop/ECE350_Workspace/ECE350Labs/matrix_mult_vivado/matrix_mult_vivado.srcs/sources_1/bd/design_1/ipshared/ce84/hdl/mult_gen_v12_0_vh_rfs.vhd:21013' bound to instance 'U0' of component 'mult_gen_v12_0_16' [c:/Users/ryan1/OneDrive/Desktop/ECE350_Workspace/ECE350Labs/matrix_mult_vivado/matrix_mult_vivado.srcs/sources_1/bd/design_1/ip/design_1_mult_gen_0_0/synth/design_1_mult_gen_0_0.vhd:121]
INFO: [Synth 8-256] done synthesizing module 'design_1_mult_gen_0_0' (5#1) [c:/Users/ryan1/OneDrive/Desktop/ECE350_Workspace/ECE350Labs/matrix_mult_vivado/matrix_mult_vivado.srcs/sources_1/bd/design_1/ip/design_1_mult_gen_0_0/synth/design_1_mult_gen_0_0.vhd:68]
WARNING: [Synth 8-3331] design mult_gen_v12_0_16_viv has unconnected port CE
WARNING: [Synth 8-3331] design mult_gen_v12_0_16_viv has unconnected port SCLR
---------------------------------------------------------------------------------
Finished RTL Elaboration : Time (s): cpu = 00:00:06 ; elapsed = 00:00:07 . Memory (MB): peak = 1063.754 ; gain = 340.434
---------------------------------------------------------------------------------

Report Check Netlist: 
+------+------------------+-------+---------+-------+------------------+
|      |Item              |Errors |Warnings |Status |Description       |
+------+------------------+-------+---------+-------+------------------+
|1     |multi_driven_nets |      0|        0|Passed |Multi driven nets |
+------+------------------+-------+---------+-------+------------------+
---------------------------------------------------------------------------------
Start Handling Custom Attributes
---------------------------------------------------------------------------------
---------------------------------------------------------------------------------
Finished Handling Custom Attributes : Time (s): cpu = 00:00:07 ; elapsed = 00:00:07 . Memory (MB): peak = 1063.754 ; gain = 340.434
---------------------------------------------------------------------------------
---------------------------------------------------------------------------------
Finished RTL Optimization Phase 1 : Time (s): cpu = 00:00:07 ; elapsed = 00:00:07 . Memory (MB): peak = 1063.754 ; gain = 340.434
---------------------------------------------------------------------------------
Netlist sorting complete. Time (s): cpu = 00:00:00 ; elapsed = 00:00:00.029 . Memory (MB): peak = 1075.270 ; gain = 0.000
INFO: [Netlist 29-17] Analyzing 1600 Unisim elements for replacement
INFO: [Netlist 29-28] Unisim Transformation completed in 0 CPU seconds
INFO: [Project 1-570] Preparing netlist for logic optimization

Processing XDC Constraints
Initializing timing engine
Parsing XDC File [c:/Users/ryan1/OneDrive/Desktop/ECE350_Workspace/ECE350Labs/matrix_mult_vivado/matrix_mult_vivado.srcs/sources_1/bd/design_1/ip/design_1_mult_gen_0_0/design_1_mult_gen_0_0_ooc.xdc] for cell 'U0'
Finished Parsing XDC File [c:/Users/ryan1/OneDrive/Desktop/ECE350_Workspace/ECE350Labs/matrix_mult_vivado/matrix_mult_vivado.srcs/sources_1/bd/design_1/ip/design_1_mult_gen_0_0/design_1_mult_gen_0_0_ooc.xdc] for cell 'U0'
Parsing XDC File [C:/Users/ryan1/OneDrive/Desktop/ECE350_Workspace/ECE350Labs/matrix_mult_vivado/matrix_mult_vivado.runs/design_1_mult_gen_0_0_synth_1/dont_touch.xdc]
Finished Parsing XDC File [C:/Users/ryan1/OneDrive/Desktop/ECE350_Workspace/ECE350Labs/matrix_mult_vivado/matrix_mult_vivado.runs/design_1_mult_gen_0_0_synth_1/dont_touch.xdc]
Completed Processing XDC Constraints

Netlist sorting complete. Time (s): cpu = 00:00:00 ; elapsed = 00:00:00.001 . Memory (MB): peak = 1179.477 ; gain = 0.000
INFO: [Project 1-111] Unisim Transformation Summary:
  A total of 528 instances were transformed.
  MULT_AND => LUT2: 528 instances

Constraint Validation Runtime : Time (s): cpu = 00:00:01 ; elapsed = 00:00:00.038 . Memory (MB): peak = 1187.605 ; gain = 8.129
---------------------------------------------------------------------------------
Finished Constraint Validation : Time (s): cpu = 00:00:11 ; elapsed = 00:00:12 . Memory (MB): peak = 1187.605 ; gain = 464.285
---------------------------------------------------------------------------------
---------------------------------------------------------------------------------
Start Loading Part and Timing Information
---------------------------------------------------------------------------------
Loading part: xc7a35tcpg236-1
---------------------------------------------------------------------------------
Finished Loading Part and Timing Information : Time (s): cpu = 00:00:11 ; elapsed = 00:00:12 . Memory (MB): peak = 1187.605 ; gain = 464.285
---------------------------------------------------------------------------------
---------------------------------------------------------------------------------
Start Applying 'set_property' XDC Constraints
---------------------------------------------------------------------------------
Applied set_property DONT_TOUCH = true for U0. (constraint file  C:/Users/ryan1/OneDrive/Desktop/ECE350_Workspace/ECE350Labs/matrix_mult_vivado/matrix_mult_vivado.runs/design_1_mult_gen_0_0_synth_1/dont_touch.xdc, line 9).
---------------------------------------------------------------------------------
Finished applying 'set_property' XDC Constraints : Time (s): cpu = 00:00:11 ; elapsed = 00:00:12 . Memory (MB): peak = 1187.605 ; gain = 464.285
---------------------------------------------------------------------------------
---------------------------------------------------------------------------------
Finished RTL Optimization Phase 2 : Time (s): cpu = 00:00:13 ; elapsed = 00:00:14 . Memory (MB): peak = 1187.605 ; gain = 464.285
---------------------------------------------------------------------------------

Report RTL Partitions: 
+-+--------------+------------+----------+
| |RTL Partition |Replication |Instances |
+-+--------------+------------+----------+
+-+--------------+------------+----------+
---------------------------------------------------------------------------------
Start RTL Component Statistics 
---------------------------------------------------------------------------------
---------------------------------------------------------------------------------
Finished RTL Component Statistics 
---------------------------------------------------------------------------------
---------------------------------------------------------------------------------
Start RTL Hierarchical Component Statistics 
---------------------------------------------------------------------------------
---------------------------------------------------------------------------------
Finished RTL Hierarchical Component Statistics
---------------------------------------------------------------------------------
---------------------------------------------------------------------------------
Start Part Resource Summary
---------------------------------------------------------------------------------
Part Resources:
DSPs: 90 (col length:60)
BRAMs: 100 (col length: RAMB18 60 RAMB36 30)
---------------------------------------------------------------------------------
Finished Part Resource Summary
---------------------------------------------------------------------------------
---------------------------------------------------------------------------------
Start Cross Boundary and Area Optimization
---------------------------------------------------------------------------------
Warning: Parallel synthesis criteria is not met 
WARNING: [Synth 8-3331] design mult_gen_v12_0_16_viv has unconnected port CE
WARNING: [Synth 8-3331] design mult_gen_v12_0_16_viv has unconnected port SCLR
INFO: [Synth 8-3886] merging instance 'U0/i_mult/gLUT.gLUT_speed.iLUT/NxM_mult.stage_1_add.stage_1_pipeline.s1_add_out_reg[0][35]' (FDRE) to 'U0/i_mult/gLUT.gLUT_speed.iLUT/NxM_mult.stage_1_add.stage_1_pipeline.s1_add_out_reg[0][36]'
INFO: [Synth 8-3886] merging instance 'U0/i_mult/gLUT.gLUT_speed.iLUT/NxM_mult.stage_1_add.stage_1_pipeline.s1_add_out_reg[1][35]' (FDRE) to 'U0/i_mult/gLUT.gLUT_speed.iLUT/NxM_mult.stage_1_add.stage_1_pipeline.s1_add_out_reg[1][36]'
INFO: [Synth 8-3886] merging instance 'U0/i_mult/gLUT.gLUT_speed.iLUT/NxM_mult.stage_1_add.stage_1_pipeline.s1_add_out_reg[2][35]' (FDRE) to 'U0/i_mult/gLUT.gLUT_speed.iLUT/NxM_mult.stage_1_add.stage_1_pipeline.s1_add_out_reg[2][36]'
INFO: [Synth 8-3886] merging instance 'U0/i_mult/gLUT.gLUT_speed.iLUT/NxM_mult.stage_1_add.stage_1_pipeline.s1_add_out_reg[3][35]' (FDRE) to 'U0/i_mult/gLUT.gLUT_speed.iLUT/NxM_mult.stage_1_add.stage_1_pipeline.s1_add_out_reg[3][36]'
INFO: [Synth 8-3886] merging instance 'U0/i_mult/gLUT.gLUT_speed.iLUT/NxM_mult.stage_1_add.stage_1_pipeline.s1_add_out_reg[4][35]' (FDRE) to 'U0/i_mult/gLUT.gLUT_speed.iLUT/NxM_mult.stage_1_add.stage_1_pipeline.s1_add_out_reg[4][36]'
INFO: [Synth 8-3886] merging instance 'U0/i_mult/gLUT.gLUT_speed.iLUT/NxM_mult.stage_1_add.stage_1_pipeline.s1_add_out_reg[5][35]' (FDRE) to 'U0/i_mult/gLUT.gLUT_speed.iLUT/NxM_mult.stage_1_add.stage_1_pipeline.s1_add_out_reg[5][36]'
INFO: [Synth 8-3886] merging instance 'U0/i_mult/gLUT.gLUT_speed.iLUT/NxM_mult.stage_1_add.stage_1_pipeline.s1_add_out_reg[6][35]' (FDRE) to 'U0/i_mult/gLUT.gLUT_speed.iLUT/NxM_mult.stage_1_add.stage_1_pipeline.s1_add_out_reg[6][36]'
INFO: [Synth 8-3886] merging instance 'U0/i_mult/gLUT.gLUT_speed.iLUT/NxM_mult.stage_1_add.stage_1_pipeline.s1_add_out_reg[7][36]' (FDRE) to 'U0/i_mult/gLUT.gLUT_speed.iLUT/NxM_mult.stage_1_add.stage_1_pipeline.s1_add_out_reg[7][35]'
INFO: [Synth 8-3886] merging instance 'U0/i_mult/gLUT.gLUT_speed.iLUT/NxM_mult.stage_2_add.stage_2_pipeline.s2_add_out_reg[0][40]' (FDRE) to 'U0/i_mult/gLUT.gLUT_speed.iLUT/NxM_mult.stage_2_add.stage_2_pipeline.s2_add_out_reg[0][41]'
INFO: [Synth 8-3886] merging instance 'U0/i_mult/gLUT.gLUT_speed.iLUT/NxM_mult.stage_2_add.stage_2_pipeline.s2_add_out_reg[1][40]' (FDRE) to 'U0/i_mult/gLUT.gLUT_speed.iLUT/NxM_mult.stage_2_add.stage_2_pipeline.s2_add_out_reg[1][41]'
INFO: [Synth 8-3886] merging instance 'U0/i_mult/gLUT.gLUT_speed.iLUT/NxM_mult.stage_2_add.stage_2_pipeline.s2_add_out_reg[2][40]' (FDRE) to 'U0/i_mult/gLUT.gLUT_speed.iLUT/NxM_mult.stage_2_add.stage_2_pipeline.s2_add_out_reg[2][41]'
INFO: [Synth 8-3886] merging instance 'U0/i_mult/gLUT.gLUT_speed.iLUT/NxM_mult.stage_3_add.stage_3_pipeline.s3_add_out_reg[0][49]' (FDRE) to 'U0/i_mult/gLUT.gLUT_speed.iLUT/NxM_mult.stage_3_add.stage_3_pipeline.s3_add_out_reg[0][50]'
---------------------------------------------------------------------------------
Finished Cross Boundary and Area Optimization : Time (s): cpu = 00:00:15 ; elapsed = 00:00:15 . Memory (MB): peak = 1187.605 ; gain = 464.285
---------------------------------------------------------------------------------

Report RTL Partitions: 
+-+--------------+------------+----------+
| |RTL Partition |Replication |Instances |
+-+--------------+------------+----------+
+-+--------------+------------+----------+
---------------------------------------------------------------------------------
Start Applying XDC Timing Constraints
---------------------------------------------------------------------------------
---------------------------------------------------------------------------------
Finished Applying XDC Timing Constraints : Time (s): cpu = 00:00:19 ; elapsed = 00:00:20 . Memory (MB): peak = 1187.605 ; gain = 464.285
---------------------------------------------------------------------------------
---------------------------------------------------------------------------------
Start Timing Optimization
---------------------------------------------------------------------------------
---------------------------------------------------------------------------------
Finished Timing Optimization : Time (s): cpu = 00:00:20 ; elapsed = 00:00:20 . Memory (MB): peak = 1187.605 ; gain = 464.285
---------------------------------------------------------------------------------

Report RTL Partitions: 
+-+--------------+------------+----------+
| |RTL Partition |Replication |Instances |
+-+--------------+------------+----------+
+-+--------------+------------+----------+
---------------------------------------------------------------------------------
Start Technology Mapping
---------------------------------------------------------------------------------
---------------------------------------------------------------------------------
Finished Technology Mapping : Time (s): cpu = 00:00:20 ; elapsed = 00:00:21 . Memory (MB): peak = 1187.605 ; gain = 464.285
---------------------------------------------------------------------------------

Report RTL Partitions: 
+-+--------------+------------+----------+
| |RTL Partition |Replication |Instances |
+-+--------------+------------+----------+
+-+--------------+------------+----------+
---------------------------------------------------------------------------------
Start IO Insertion
---------------------------------------------------------------------------------
---------------------------------------------------------------------------------
Start Flattening Before IO Insertion
---------------------------------------------------------------------------------
---------------------------------------------------------------------------------
Finished Flattening Before IO Insertion
---------------------------------------------------------------------------------
---------------------------------------------------------------------------------
Start Final Netlist Cleanup
---------------------------------------------------------------------------------
---------------------------------------------------------------------------------
Finished Final Netlist Cleanup
---------------------------------------------------------------------------------
---------------------------------------------------------------------------------
Finished IO Insertion : Time (s): cpu = 00:00:23 ; elapsed = 00:00:23 . Memory (MB): peak = 1187.605 ; gain = 464.285
---------------------------------------------------------------------------------
---------------------------------------------------------------------------------
Start Renaming Generated Instances
---------------------------------------------------------------------------------
---------------------------------------------------------------------------------
Finished Renaming Generated Instances : Time (s): cpu = 00:00:23 ; elapsed = 00:00:23 . Memory (MB): peak = 1187.605 ; gain = 464.285
---------------------------------------------------------------------------------

Report RTL Partitions: 
+-+--------------+------------+----------+
| |RTL Partition |Replication |Instances |
+-+--------------+------------+----------+
+-+--------------+------------+----------+

Report Check Netlist: 
+------+------------------+-------+---------+-------+------------------+
|      |Item              |Errors |Warnings |Status |Description       |
+------+------------------+-------+---------+-------+------------------+
|1     |multi_driven_nets |      0|        0|Passed |Multi driven nets |
+------+------------------+-------+---------+-------+------------------+
---------------------------------------------------------------------------------
Start Rebuilding User Hierarchy
---------------------------------------------------------------------------------
---------------------------------------------------------------------------------
Finished Rebuilding User Hierarchy : Time (s): cpu = 00:00:23 ; elapsed = 00:00:23 . Memory (MB): peak = 1187.605 ; gain = 464.285
---------------------------------------------------------------------------------
---------------------------------------------------------------------------------
Start Renaming Generated Ports
---------------------------------------------------------------------------------
---------------------------------------------------------------------------------
Finished Renaming Generated Ports : Time (s): cpu = 00:00:23 ; elapsed = 00:00:23 . Memory (MB): peak = 1187.605 ; gain = 464.285
---------------------------------------------------------------------------------
---------------------------------------------------------------------------------
Start Handling Custom Attributes
---------------------------------------------------------------------------------
---------------------------------------------------------------------------------
Finished Handling Custom Attributes : Time (s): cpu = 00:00:23 ; elapsed = 00:00:23 . Memory (MB): peak = 1187.605 ; gain = 464.285
---------------------------------------------------------------------------------
---------------------------------------------------------------------------------
Start Renaming Generated Nets
---------------------------------------------------------------------------------
---------------------------------------------------------------------------------
Finished Renaming Generated Nets : Time (s): cpu = 00:00:23 ; elapsed = 00:00:23 . Memory (MB): peak = 1187.605 ; gain = 464.285
---------------------------------------------------------------------------------
---------------------------------------------------------------------------------
Start Writing Synthesis Report
---------------------------------------------------------------------------------

Report BlackBoxes: 
+-+--------------+----------+
| |BlackBox name |Instances |
+-+--------------+----------+
+-+--------------+----------+

Report Cell Usage: 
+------+---------+------+
|      |Cell     |Count |
+------+---------+------+
|1     |CARRY4   |   144|
|2     |LUT1     |    15|
|3     |LUT2     |   562|
|4     |LUT3     |    32|
|5     |LUT4     |   496|
|6     |MULT_AND |   527|
|7     |MUXCY    |   528|
|8     |SRL16E   |     6|
|9     |XORCY    |   544|
|10    |FDRE     |  1143|
+------+---------+------+
---------------------------------------------------------------------------------
Finished Writing Synthesis Report : Time (s): cpu = 00:00:23 ; elapsed = 00:00:23 . Memory (MB): peak = 1187.605 ; gain = 464.285
---------------------------------------------------------------------------------
Synthesis finished with 0 errors, 0 critical warnings and 2 warnings.
Synthesis Optimization Runtime : Time (s): cpu = 00:00:14 ; elapsed = 00:00:22 . Memory (MB): peak = 1187.605 ; gain = 340.434
Synthesis Optimization Complete : Time (s): cpu = 00:00:23 ; elapsed = 00:00:24 . Memory (MB): peak = 1187.605 ; gain = 464.285
INFO: [Project 1-571] Translating synthesized netlist
Netlist sorting complete. Time (s): cpu = 00:00:00 ; elapsed = 00:00:00.038 . Memory (MB): peak = 1187.605 ; gain = 0.000
INFO: [Netlist 29-17] Analyzing 1743 Unisim elements for replacement
INFO: [Netlist 29-28] Unisim Transformation completed in 0 CPU seconds
WARNING: [Netlist 29-101] Netlist 'design_1_mult_gen_0_0' is not ideal for floorplanning, since the cellview 'luts' contains a large number of primitives.  Please consider enabling hierarchy in synthesis if you want to do floorplanning.
INFO: [Project 1-570] Preparing netlist for logic optimization
INFO: [Opt 31-138] Pushed 0 inverter(s) to 0 load pin(s).
Netlist sorting complete. Time (s): cpu = 00:00:00 ; elapsed = 00:00:00.001 . Memory (MB): peak = 1187.605 ; gain = 0.000
INFO: [Project 1-111] Unisim Transformation Summary:
  A total of 671 instances were transformed.
  (MUXCY,XORCY) => CARRY4: 144 instances
  MULT_AND => LUT2: 527 instances

INFO: [Common 17-83] Releasing license: Synthesis
28 Infos, 7 Warnings, 0 Critical Warnings and 0 Errors encountered.
synth_design completed successfully
synth_design: Time (s): cpu = 00:00:26 ; elapsed = 00:00:28 . Memory (MB): peak = 1187.605 ; gain = 733.344
Netlist sorting complete. Time (s): cpu = 00:00:00 ; elapsed = 00:00:00.001 . Memory (MB): peak = 1187.605 ; gain = 0.000
WARNING: [Constraints 18-5210] No constraints selected for write.
Resolution: This message can indicate that there are no constraints for the design, or it can indicate that the used_in flags are set such that the constraints are ignored. This later case is used when running synth_design to not write synthesis constraints to the resulting checkpoint. Instead, project constraints are read when the synthesized design is opened.
INFO: [Common 17-1381] The checkpoint 'C:/Users/ryan1/OneDrive/Desktop/ECE350_Workspace/ECE350Labs/matrix_mult_vivado/matrix_mult_vivado.runs/design_1_mult_gen_0_0_synth_1/design_1_mult_gen_0_0.dcp' has been generated.
WARNING: [Common 17-576] 'use_project_ipc' is deprecated. This option is deprecated and no longer used.
INFO: [Coretcl 2-1648] Added synthesis output to IP cache for IP design_1_mult_gen_0_0, cache-ID = 2647db1d81dec55a
INFO: [Coretcl 2-1174] Renamed 3 cell refs.
Netlist sorting complete. Time (s): cpu = 00:00:00 ; elapsed = 00:00:00.001 . Memory (MB): peak = 1187.605 ; gain = 0.000
WARNING: [Constraints 18-5210] No constraints selected for write.
Resolution: This message can indicate that there are no constraints for the design, or it can indicate that the used_in flags are set such that the constraints are ignored. This later case is used when running synth_design to not write synthesis constraints to the resulting checkpoint. Instead, project constraints are read when the synthesized design is opened.
INFO: [Common 17-1381] The checkpoint 'C:/Users/ryan1/OneDrive/Desktop/ECE350_Workspace/ECE350Labs/matrix_mult_vivado/matrix_mult_vivado.runs/design_1_mult_gen_0_0_synth_1/design_1_mult_gen_0_0.dcp' has been generated.
INFO: [runtcl-4] Executing : report_utilization -file design_1_mult_gen_0_0_utilization_synth.rpt -pb design_1_mult_gen_0_0_utilization_synth.pb
INFO: [Common 17-206] Exiting Vivado at Wed Nov 12 22:20:14 2025...
